<?xml version="1.0" encoding="UTF-8"?>
<!-- Generated by org.testng.reporters.JUnitReportReporter -->
<testsuite hostname="DESKTOP-A1KU3KS" failures="0" tests="1" name="TestCases.BusBooking" time="32.967" errors="0" timestamp="2023-04-02T19:47:47 IST" skipped="0">
  <testcase classname="TestCases.BusBooking" name="Buses" time="32.967"/>
  <system-out/>
</testsuite> <!-- TestCases.BusBooking -->
