<?xml version="1.0" encoding="UTF-8"?>
<!-- Generated by org.testng.reporters.JUnitReportReporter -->
<testsuite hostname="DESKTOP-A1KU3KS" failures="0" tests="1" name="TestCases.Bookings_Bus" time="11.176" errors="0" timestamp="2023-03-31T12:05:18 IST" skipped="0">
  <testcase classname="TestCases.Bookings_Bus" name="Buses" time="11.176"/>
  <system-out/>
</testsuite> <!-- TestCases.Bookings_Bus -->
